

 Input date file   --> HYPO71.INP    
 Output print file --> HYPO71.PRT    
 Output punch file --> HYPO71.OUT    
 Output resum file --> HYPO71.RES    
 Input milieu file -->               
 Ouput reloc  file -->               

1
                                                                                        
 STANDARD 
   1   0.1000   2  10.0000   3   2.0000   4   0.0500   5   5.0000
   6   4.0000   7  -0.8700   8   2.0000   9   0.0035  10 100.0000
  11   8.0000  12   0.5000  13   1.0000  14   0.0000  15   0.0000
  16   0.0000  17   0.0000  18   0.0000  19   0.0000  20   1.0000
 RESET TO 
   1   0.1000   2  50.0000   3   0.2000   4   0.0100   5   5.0000
   6   4.0000   7  -0.8700   8   2.0000   9   0.0035  10   2.0000
  11 999.0000  12   0.5000  13   1.0000  14   0.0000  15  -2.0000
  16   0.0000  17   0.0000  18   0.0000  19   0.0000  20   1.0000

    L     STN     LAT     LONG    ELV DELAY     FMGC  XMGC KL  PRR  CALR IC      DATE HRMN  dt
    1    ABJI  747.74S 11414.05E  144  0.00     0.00   0.00 0 0.00   0.00 0          0   0  0.00
    2    ACBM  7 1.79S 10740.97E  766  0.00     0.00   0.00 0 0.00   0.00 0          0   0  0.00
    3    ACJM  648.19S 10836.91E  646  0.00     0.00   0.00 0 0.00   0.00 0          0   0  0.00
    4    ARSK  651.51S 11517.17E   43  0.00     0.00   0.00 0 0.00   0.00 0          0   0  0.00
    5    BAJI  7 5.43S 11242.51E   76  0.00     0.00   0.00 0 0.00   0.00 0          0   0  0.00
    6    BAPJ  754.72S 11118.30E  244  0.00     0.00   0.00 0 0.00   0.00 0          0   0  0.00
    7    BBJI  727.76S 10739.00E  615  0.00     0.00   0.00 0 0.00   0.00 0          0   0  0.00
    8    BBJM  719.56S 11148.59E  175  0.00     0.00   0.00 0 0.00   0.00 0          0   0  0.00
    9    BDBI  831.20S 11512.53E  186  0.00     0.00   0.00 0 0.00   0.00 0          0   0  0.00
   10    BKJI  721.80S 10831.93E   84  0.00     0.00   0.00 0 0.00   0.00 0          0   0  0.00
   11    BLJI  744.70S 11335.70E   80  0.00     0.00   0.00 0 0.00   0.00 0          0   0  0.00
   12    BMBN  639.81S 11053.03E 1029  0.00     0.00   0.00 0 0.00   0.00 0          0   0  0.00
   13    BOJI  734.09S 11041.36E  196  0.00     0.00   0.00 0 0.00   0.00 0          0   0  0.00
   14    BPJI  748.63S 10959.83E   64  0.00     0.00   0.00 0 0.00   0.00 0          0   0  0.00
   15    BPMJ  657.03S 11329.53E  270  0.00     0.00   0.00 0 0.00   0.00 0          0   0  0.00
   16    BTJI  711.83S 109 9.85E  942  0.00     0.00   0.00 0 0.00   0.00 0          0   0  0.00
   17    BUJI  745.36S 10927.68E   57  0.00     0.00   0.00 0 0.00   0.00 0          0   0  0.00
   18    BWJI  551.07S 11239.47E   57  0.00     0.00   0.00 0 0.00   0.00 0          0   0  0.00
   19    BYJI  812.84S 11421.34E   99  0.00     0.00   0.00 0 0.00   0.00 0          0   0  0.00
   20    CBJI  641.89S 10656.09E 1006  0.00     0.00   0.00 0 0.00   0.00 0          0   0  0.00
   21    CBJM  655.85S 10721.37E  679  0.00     0.00   0.00 0 0.00   0.00 0          0   0  0.00
   22    CCJM  7 1.02S 107 8.41E   48  0.00     0.00   0.00 0 0.00   0.00 0          0   0  0.00
   23    CGJI  636.80S 10541.40E  182  0.00     0.00   0.00 0 0.00   0.00 0          0   0  0.00
   24    CIJI  719.04S 10811.75E  418  0.00     0.00   0.00 0 0.00   0.00 0          0   0  0.00
   25    CIJM  629.55S 10811.11E   43  0.00     0.00   0.00 0 0.00   0.00 0          0   0  0.00
   26    CIKJ  6 2.52S 10720.84E   18  0.00     0.00   0.00 0 0.00   0.00 0          0   0  0.00
   27    CILJ  649.32S 10618.96E  332  0.00     0.00   0.00 0 0.00   0.00 0          0   0  0.00
   28    CMJI  747.04S 10826.94E   78  0.00     0.00   0.00 0 0.00   0.00 0          0   0  0.00
   29    CNJI  718.54S 107 7.78E  589  0.00     0.00   0.00 0 0.00   0.00 0          0   0  0.00
   30    CSBJ  624.28S 10752.90E   50  0.00     0.00   0.00 0 0.00   0.00 0          0   0  0.00
   31    CSJI  719.81S 10631.26E  153  0.00     0.00   0.00 0 0.00   0.00 0          0   0  0.00
   32    CSJM  644.43S 108 0.59E  361  0.00     0.00   0.00 0 0.00   0.00 0          0   0  0.00
   33    CTJI  7 0.45S 10911.01E  104  0.00     0.00   0.00 0 0.00   0.00 0          0   0  0.00
   34    CWJM  644.54S 10726.69E  649  0.00     0.00   0.00 0 0.00   0.00 0          0   0  0.00
   35    DBJI  633.23S 10644.98E  210  0.00     0.00   0.00 0 0.00   0.00 0          0   0  0.00
   36    DNP   840.64S 11512.58E   63  0.00     0.00   0.00 0 0.00   0.00 0          0   0  0.00
   37    DWIK  8 0.61S 11024.84E  361  0.00     0.00   0.00 0 0.00   0.00 0          0   0  0.00
   38    GBJI  656.91S 10957.96E  102  0.00     0.00   0.00 0 0.00   0.00 0          0   0  0.00
   39    GEBB  8 9.84S 11442.84E   33  0.00     0.00   0.00 0 0.00   0.00 0          0   0  0.00
   40    GEJI  824.61S 11238.70E   80  0.00     0.00   0.00 0 0.00   0.00 0          0   0  0.00
   41    GGJI  7 1.81S 11055.26E   82  0.00     0.00   0.00 0 0.00   0.00 0          0   0  0.00
   42    GGJM  710.30S 11112.22E   81  0.00     0.00   0.00 0 0.00   0.00 0          0   0  0.00
   43    GKJM  750.47S 11035.53E  211  0.00     0.00   0.00 0 0.00   0.00 0          0   0  0.00
   44    GMJI  816.39S 11326.65E   80  0.00     0.00   0.00 0 0.00   0.00 0          0   0  0.00
   45    GRJI  654.87S 11228.76E   97  0.00     0.00   0.00 0 0.00   0.00 0          0   0  0.00
   46    GTJI  7 9.83S 11011.02E  749  0.00     0.00   0.00 0 0.00   0.00 0          0   0  0.00
   47    GUJM  7 3.26S 11039.96E   85  0.00     0.00   0.00 0 0.00   0.00 0          0   0  0.00
   48    JAGI  828.22S 114 9.12E  171  0.00     0.00   0.00 0 0.00   0.00 0          0   0  0.00
   49    JBJI  629.02S 10628.19E  146  0.00     0.00   0.00 0 0.00   0.00 0          0   0  0.00
   50    JBJM  658.37S 11127.52E   98  0.00     0.00   0.00 0 0.00   0.00 0          0   0  0.00
   51    JCJI  644.06S 10815.79E   85  0.00     0.00   0.00 0 0.00   0.00 0          0   0  0.00
   52    JPJI  631.84S 10725.05E  150  0.00     0.00   0.00 0 0.00   0.00 0          0   0  0.00
   53    JTJM  7 3.44S 10648.09E  528  0.00     0.00   0.00 0 0.00   0.00 0          0   0  0.00
   54    JWJM  712.37S 11043.89E   74  0.00     0.00   0.00 0 0.00   0.00 0          0   0  0.00
   55    KBBI  817.16S 11515.28E 1053  0.00     0.00   0.00 0 0.00   0.00 0          0   0  0.00
   56    KBJM  7 3.03S 11113.97E   62  0.00     0.00   0.00 0 0.00   0.00 0          0   0  0.00
   57    KKJM  750.60S 110 3.43E  115  0.00     0.00   0.00 0 0.00   0.00 0          0   0  0.00
   58    KLJI  759.76S 11315.11E  240  0.00     0.00   0.00 0 0.00   0.00 0          0   0  0.00
   59    KMMI  7 2.47S 11354.94E   49  0.00     0.00   0.00 0 0.00   0.00 0          0   0  0.00
   60    KPJI  720.00S 10855.86E  111  0.00     0.00   0.00 0 0.00   0.00 0          0   0  0.00
   61    KPJM  711.30S 11155.69E   23  0.00     0.00   0.00 0 0.00   0.00 0          0   0  0.00
   62    KRK   8 9.13S 11227.04E  330  0.00     0.00   0.00 0 0.00   0.00 0          0   0  0.00
   63    KWJI  723.02S 10958.15E  868  0.00     0.00   0.00 0 0.00   0.00 0          0   0  0.00
   64    LLSM  536.02S 10448.57E   37  0.00     0.00   0.00 0 0.00   0.00 0          0   0  0.00
   65    LUJI  749.56S 113 0.64E  665  0.00     0.00   0.00 0 0.00   0.00 0          0   0  0.00
   66    MAKB  829.22S 11530.30E   86  0.00     0.00   0.00 0 0.00   0.00 0          0   0  0.00
   67    MKJM  739.77S 11029.00E  410  0.00     0.00   0.00 0 0.00   0.00 0          0   0  0.00
   68    MLJI  8 9.45S 11226.80E  275  0.00     0.00   0.00 0 0.00   0.00 0          0   0  0.00
   69    MLJM  714.90S 11220.27E   55  0.00     0.00   0.00 0 0.00   0.00 0          0   0  0.00
   70    NGJI  722.06S 11127.67E  149  0.00     0.00   0.00 0 0.00   0.00 0          0   0  0.00
   71    NJBM  818.59S 11437.03E  190  0.00     0.00   0.00 0 0.00   0.00 0          0   0  0.00
   72    NKBI  843.57S 11531.56E  452  0.00     0.00   0.00 0 0.00   0.00 0          0   0  0.00
   73    PASJ  612.72S 10559.01E  248  0.00     0.00   0.00 0 0.00   0.00 0          0   0  0.00
   74    PBJI  7 5.25S 10728.55E 1090  0.00     0.00   0.00 0 0.00   0.00 0          0   0  0.00
   75    PCJI  811.68S 11110.63E  702  0.00     0.00   0.00 0 0.00   0.00 0          0   0  0.00
   76    PCJM  654.78S 10843.15E  646  0.00     0.00   0.00 0 0.00   0.00 0          0   0  0.00
   77    PGJM  8 0.61S 11024.84E  361  0.00     0.00   0.00 0 0.00   0.00 0          0   0  0.00
   78    PKJI  710.07S 10934.79E  847  0.00     0.00   0.00 0 0.00   0.00 0          0   0  0.00
   79    PKJM  647.75S 10826.39E  290  0.00     0.00   0.00 0 0.00   0.00 0          0   0  0.00
   80    PLJI  751.70S 112 9.29E  232  0.00     0.00   0.00 0 0.00   0.00 0          0   0  0.00
   81    POKJ  8 3.18S 11248.72E  906  0.00     0.00   0.00 0 0.00   0.00 0          0   0  0.00
   82    PPLI  544.46S 105 8.69E   63  0.00     0.00   0.00 0 0.00   0.00 0          0   0  0.00
   83    PRJI  8 4.33S 11047.51E  337  0.00     0.00   0.00 0 0.00   0.00 0          0   0  0.00
   84    PRLJ  813.94S 113 6.84E  159  0.00     0.00   0.00 0 0.00   0.00 0          0   0  0.00
   85    PSJM  658.11S 10632.94E  205  0.00     0.00   0.00 0 0.00   0.00 0          0   0  0.00
   86    PSLI  556.24S 10530.60E   39  0.00     0.00   0.00 0 0.00   0.00 0          0   0  0.00
   87    PTJI  615.93S 10644.93E   76  0.00     0.00   0.00 0 0.00   0.00 0          0   0  0.00
   88    PWJI  8 1.31S 11148.25E  205  0.00     0.00   0.00 0 0.00   0.00 0          0   0  0.00
   89    RBSI  550.67S 10544.52E  224  0.00     0.00   0.00 0 0.00   0.00 0          0   0  0.00
   90    RITA  7 9.83S 11011.02E  749  0.00     0.00   0.00 0 0.00   0.00 0          0   0  0.00
   91    RTBI  827.58S 11456.52E  300  0.00     0.00   0.00 0 0.00   0.00 0          0   0  0.00
   92    SADL  634.43S 106 4.45E  292  0.00     0.00   0.00 0 0.00   0.00 0          0   0  0.00
   93    SAKJ  741.16S 110 9.30E  706  0.00     0.00   0.00 0 0.00   0.00 0          0   0  0.00
   94    SBBM  812.19S 11455.07E  111  0.00     0.00   0.00 0 0.00   0.00 0          0   0  0.00
   95    SBJI  6 6.70S 106 7.91E   64  0.00     0.00   0.00 0 0.00   0.00 0          0   0  0.00
   96    SCJI  740.86S 10910.14E   45  0.00     0.00   0.00 0 0.00   0.00 0          0   0  0.00
   97    SCJM  650.62S 10713.33E  327  0.00     0.00   0.00 0 0.00   0.00 0          0   0  0.00
   98    SEJI  7 0.31S 11143.73E  120  0.00     0.00   0.00 0 0.00   0.00 0          0   0  0.00
   99    SEJM  652.36S 10835.11E  342  0.00     0.00   0.00 0 0.00   0.00 0          0   0  0.00
  100    SICJ  728.32S 10848.48E   68  0.00     0.00   0.00 0 0.00   0.00 0          0   0  0.00
  101    SIJM  724.61S 11245.63E   24  0.00     0.00   0.00 0 0.00   0.00 0          0   0  0.00
  102    SKJI  7 0.32S 10633.38E  100  0.00     0.00   0.00 0 0.00   0.00 0          0   0  0.00
  103    SLBF  847.77S 11556.04E   77  0.00     0.00   0.00 0 0.00   0.00 0          0   0  0.00
  104    SMRI  7 2.95S 11026.44E  203  0.00     0.00   0.00 0 0.00   0.00 0          0   0  0.00
  105    SPSJ  640.02S 10736.82E  659  0.00     0.00   0.00 0 0.00   0.00 0          0   0  0.00
  106    SRBI  8 5.09S 11512.76E  111  0.00     0.00   0.00 0 0.00   0.00 0          0   0  0.00
  107    SSJM  653.23S 10657.76E  841  0.00     0.00   0.00 0 0.00   0.00 0          0   0  0.00
  108    SUPJ  647.76S 10530.90E   51  0.00     0.00   0.00 0 0.00   0.00 0          0   0  0.00
  109    SWJI  744.09S 11146.01E  723  0.00     0.00   0.00 0 0.00   0.00 0          0   0  0.00
  110    SYJI  744.90S 11029.48E    0  0.00     0.00   0.00 0 0.00   0.00 0          0   0  0.00
  111    TAGJ  8 4.80S 11035.40E  169  0.00     0.00   0.00 0 0.00   0.00 0          0   0  0.00
  112    TBJI  649.07S 11150.89E   54  0.00     0.00   0.00 0 0.00   0.00 0          0   0  0.00
  113    TEBB  8 9.07S 11522.40E  301  0.00     0.00   0.00 0 0.00   0.00 0          0   0  0.00
  114    TNG   610.31S 10638.81E   51  0.00     0.00   0.00 0 0.00   0.00 0          0   0  0.00
  115    TOJI  645.73S 108 8.06E   73  0.00     0.00   0.00 0 0.00   0.00 0          0   0  0.00
  116    TSJM  643.91S 10748.65E  420  0.00     0.00   0.00 0 0.00   0.00 0          0   0  0.00
  117    TUJI  824.11S 11343.93E   79  0.00     0.00   0.00 0 0.00   0.00 0          0   0  0.00
  118    UGM   754.75S 11031.39E  350  0.00     0.00   0.00 0 0.00   0.00 0          0   0  0.00
  119    UWJI  625.15S 11056.84E   61  0.00     0.00   0.00 0 0.00   0.00 0          0   0  0.00
  120    WGJM  723.00S 11230.59E   35  0.00     0.00   0.00 0 0.00   0.00 0          0   0  0.00
  121    WLJI  649.87S 10553.46E   46  0.00     0.00   0.00 0 0.00   0.00 0          0   0  0.00
  122    WOJI  750.23S 11055.42E  183  0.00     0.00   0.00 0 0.00   0.00 0          0   0  0.00
  123    WRJI  748.68S 11344.74E  491  0.00     0.00   0.00 0 0.00   0.00 0          0   0  0.00
  124    WSJM  658.48S 10643.48E  310  0.00     0.00   0.00 0 0.00   0.00 0          0   0  0.00
  125    YOGI  749.00S 11017.69E    0  0.00     0.00   0.00 0 0.00   0.00 0          0   0  0.00



       CRUSTAL MODEL 1
     VELOCITY     DEPTH
        1.800     0.000
        1.970     1.290
        2.520     1.550
        3.530     1.650
        6.000     1.650
        6.200    10.350
        7.200    18.660
        7.860    25.800
        8.200   115.300



 KS Z XNEAR XFAR  POS   IQ  KMS  KFM IPUN IMAG   IR IPRN CODE   LATR      LONR
 0  1. 200. 450. 1.76    2    0    0    1    0    0    000100   0  0.00   0  0.00






  DATE    ORIGIN    LAT S    LONG E    DEPTH    MAG NO DM GAP M  RMS  ERH  ERZ Q SQD  ADJ IN NR  AVR  AAR NM AVXM SDXM NF AVFM SDFM I
 240621 1854 42.92  8-19.10 110-13.85  39.54         7 66 271 1 0.20 10.8 15.7 D D|D 2.55  0  7-0.00 0.13  0  0.0  0.0  0  0.0  0.029

  STN  DIST AZM AIN PRMK HRMN P-SEC TPOBS TPCAL DLY/H1 P-RES P-WT AMX PRX CALX K XMAG RMK FMP FMAG SRMK S-SEC TSOBS S-RES  S-WT    DT
 GKJM  66.1 143 111 EP 0 1854 54.82 11.90 11.90  0.00  0.00  1.86   0  0  0.00 0                                                           
 PRJI  67.6 114 110 EP 0 1854 55.17 12.25 12.14  0.00  0.11  0.74   0  0  0.00 0                                                           
 WOJI  93.1 125 103 EP 0 1854 58.22 15.30 15.17  0.00  0.13  0.74   0  0  0.00 0                                                           
 SAKJ  70.4 187 109 EP 0 1854 55.56 12.64 12.68  0.00 -0.04  1.86   0  0  0.00 0                                                           
 PCJI 105.2  97 101 EP 0 1854 59.42 16.50 16.95  0.00 -0.45  0.57   0  0  0.00 0                                                           
 BAPJ 126.6 111  99 EP 0 1855  2.16 19.24 19.40  0.00 -0.16  0.73   0  0  0.00 0                                                           
 PWJI 176.5 101  96 EP 0 1855  9.10 26.18 25.67  0.00  0.51  0.50   0  0  0.00 0                                                           



 ***** EXTRA BLANK CARD ENCOUNTERED *****
1 ***** CLASS:     A     B     C     D TOTAL *****

       NUMBER:   0.0   0.0   0.0   1.0   1.0

            %:   0.0   0.0   0.0 100.0



          TRAVELTIME RESIDUALS (MODEL=1)     TRAVELTIME RESIDUALS (MODEL=2)     X-MAGNITUDE RESIDUALS      F-MAGNITUDE RESIDUALS
 STATION   NRES    SRWT   AVRES   SDRES       NRES    SRWT   AVRES   SDRES        NXM    AVXM    SDXM        NFM    AVFM    SDFM
    ABJI      0    0.00    0.00    0.00          0    0.00    0.00    0.00          0    0.00    0.00          0    0.00    0.00
    ACBM      0    0.00    0.00    0.00          0    0.00    0.00    0.00          0    0.00    0.00          0    0.00    0.00
    ACJM      0    0.00    0.00    0.00          0    0.00    0.00    0.00          0    0.00    0.00          0    0.00    0.00
    ARSK      0    0.00    0.00    0.00          0    0.00    0.00    0.00          0    0.00    0.00          0    0.00    0.00
    BAJI      0    0.00    0.00    0.00          0    0.00    0.00    0.00          0    0.00    0.00          0    0.00    0.00
    BAPJ      0    0.00    0.00    0.00          0    0.00    0.00    0.00          0    0.00    0.00          0    0.00    0.00
    BBJI      0    0.00    0.00    0.00          0    0.00    0.00    0.00          0    0.00    0.00          0    0.00    0.00
    BBJM      0    0.00    0.00    0.00          0    0.00    0.00    0.00          0    0.00    0.00          0    0.00    0.00
    BDBI      0    0.00    0.00    0.00          0    0.00    0.00    0.00          0    0.00    0.00          0    0.00    0.00
    BKJI      0    0.00    0.00    0.00          0    0.00    0.00    0.00          0    0.00    0.00          0    0.00    0.00
    BLJI      0    0.00    0.00    0.00          0    0.00    0.00    0.00          0    0.00    0.00          0    0.00    0.00
    BMBN      0    0.00    0.00    0.00          0    0.00    0.00    0.00          0    0.00    0.00          0    0.00    0.00
    BOJI      0    0.00    0.00    0.00          0    0.00    0.00    0.00          0    0.00    0.00          0    0.00    0.00
    BPJI      0    0.00    0.00    0.00          0    0.00    0.00    0.00          0    0.00    0.00          0    0.00    0.00
    BPMJ      0    0.00    0.00    0.00          0    0.00    0.00    0.00          0    0.00    0.00          0    0.00    0.00
    BTJI      0    0.00    0.00    0.00          0    0.00    0.00    0.00          0    0.00    0.00          0    0.00    0.00
    BUJI      0    0.00    0.00    0.00          0    0.00    0.00    0.00          0    0.00    0.00          0    0.00    0.00
    BWJI      0    0.00    0.00    0.00          0    0.00    0.00    0.00          0    0.00    0.00          0    0.00    0.00
    BYJI      0    0.00    0.00    0.00          0    0.00    0.00    0.00          0    0.00    0.00          0    0.00    0.00
    CBJI      0    0.00    0.00    0.00          0    0.00    0.00    0.00          0    0.00    0.00          0    0.00    0.00
    CBJM      0    0.00    0.00    0.00          0    0.00    0.00    0.00          0    0.00    0.00          0    0.00    0.00
    CCJM      0    0.00    0.00    0.00          0    0.00    0.00    0.00          0    0.00    0.00          0    0.00    0.00
    CGJI      0    0.00    0.00    0.00          0    0.00    0.00    0.00          0    0.00    0.00          0    0.00    0.00
    CIJI      0    0.00    0.00    0.00          0    0.00    0.00    0.00          0    0.00    0.00          0    0.00    0.00
    CIJM      0    0.00    0.00    0.00          0    0.00    0.00    0.00          0    0.00    0.00          0    0.00    0.00
    CIKJ      0    0.00    0.00    0.00          0    0.00    0.00    0.00          0    0.00    0.00          0    0.00    0.00
    CILJ      0    0.00    0.00    0.00          0    0.00    0.00    0.00          0    0.00    0.00          0    0.00    0.00
    CMJI      0    0.00    0.00    0.00          0    0.00    0.00    0.00          0    0.00    0.00          0    0.00    0.00
    CNJI      0    0.00    0.00    0.00          0    0.00    0.00    0.00          0    0.00    0.00          0    0.00    0.00
    CSBJ      0    0.00    0.00    0.00          0    0.00    0.00    0.00          0    0.00    0.00          0    0.00    0.00
    CSJI      0    0.00    0.00    0.00          0    0.00    0.00    0.00          0    0.00    0.00          0    0.00    0.00
    CSJM      0    0.00    0.00    0.00          0    0.00    0.00    0.00          0    0.00    0.00          0    0.00    0.00
    CTJI      0    0.00    0.00    0.00          0    0.00    0.00    0.00          0    0.00    0.00          0    0.00    0.00
    CWJM      0    0.00    0.00    0.00          0    0.00    0.00    0.00          0    0.00    0.00          0    0.00    0.00
    DBJI      0    0.00    0.00    0.00          0    0.00    0.00    0.00          0    0.00    0.00          0    0.00    0.00
    DNP       0    0.00    0.00    0.00          0    0.00    0.00    0.00          0    0.00    0.00          0    0.00    0.00
    DWIK      0    0.00    0.00    0.00          0    0.00    0.00    0.00          0    0.00    0.00          0    0.00    0.00
    GBJI      0    0.00    0.00    0.00          0    0.00    0.00    0.00          0    0.00    0.00          0    0.00    0.00
    GEBB      0    0.00    0.00    0.00          0    0.00    0.00    0.00          0    0.00    0.00          0    0.00    0.00
    GEJI      0    0.00    0.00    0.00          0    0.00    0.00    0.00          0    0.00    0.00          0    0.00    0.00
    GGJI      0    0.00    0.00    0.00          0    0.00    0.00    0.00          0    0.00    0.00          0    0.00    0.00
    GGJM      0    0.00    0.00    0.00          0    0.00    0.00    0.00          0    0.00    0.00          0    0.00    0.00
    GKJM      0    0.00    0.00    0.00          0    0.00    0.00    0.00          0    0.00    0.00          0    0.00    0.00
    GMJI      0    0.00    0.00    0.00          0    0.00    0.00    0.00          0    0.00    0.00          0    0.00    0.00
    GRJI      0    0.00    0.00    0.00          0    0.00    0.00    0.00          0    0.00    0.00          0    0.00    0.00
    GTJI      0    0.00    0.00    0.00          0    0.00    0.00    0.00          0    0.00    0.00          0    0.00    0.00
    GUJM      0    0.00    0.00    0.00          0    0.00    0.00    0.00          0    0.00    0.00          0    0.00    0.00
    JAGI      0    0.00    0.00    0.00          0    0.00    0.00    0.00          0    0.00    0.00          0    0.00    0.00
    JBJI      0    0.00    0.00    0.00          0    0.00    0.00    0.00          0    0.00    0.00          0    0.00    0.00
    JBJM      0    0.00    0.00    0.00          0    0.00    0.00    0.00          0    0.00    0.00          0    0.00    0.00
    JCJI      0    0.00    0.00    0.00          0    0.00    0.00    0.00          0    0.00    0.00          0    0.00    0.00
    JPJI      0    0.00    0.00    0.00          0    0.00    0.00    0.00          0    0.00    0.00          0    0.00    0.00
    JTJM      0    0.00    0.00    0.00          0    0.00    0.00    0.00          0    0.00    0.00          0    0.00    0.00
    JWJM      0    0.00    0.00    0.00          0    0.00    0.00    0.00          0    0.00    0.00          0    0.00    0.00
    KBBI      0    0.00    0.00    0.00          0    0.00    0.00    0.00          0    0.00    0.00          0    0.00    0.00
    KBJM      0    0.00    0.00    0.00          0    0.00    0.00    0.00          0    0.00    0.00          0    0.00    0.00
    KKJM      0    0.00    0.00    0.00          0    0.00    0.00    0.00          0    0.00    0.00          0    0.00    0.00
    KLJI      0    0.00    0.00    0.00          0    0.00    0.00    0.00          0    0.00    0.00          0    0.00    0.00
    KMMI      0    0.00    0.00    0.00          0    0.00    0.00    0.00          0    0.00    0.00          0    0.00    0.00
    KPJI      0    0.00    0.00    0.00          0    0.00    0.00    0.00          0    0.00    0.00          0    0.00    0.00
    KPJM      0    0.00    0.00    0.00          0    0.00    0.00    0.00          0    0.00    0.00          0    0.00    0.00
    KRK       0    0.00    0.00    0.00          0    0.00    0.00    0.00          0    0.00    0.00          0    0.00    0.00
    KWJI      0    0.00    0.00    0.00          0    0.00    0.00    0.00          0    0.00    0.00          0    0.00    0.00
    LLSM      0    0.00    0.00    0.00          0    0.00    0.00    0.00          0    0.00    0.00          0    0.00    0.00
    LUJI      0    0.00    0.00    0.00          0    0.00    0.00    0.00          0    0.00    0.00          0    0.00    0.00
    MAKB      0    0.00    0.00    0.00          0    0.00    0.00    0.00          0    0.00    0.00          0    0.00    0.00
    MKJM      0    0.00    0.00    0.00          0    0.00    0.00    0.00          0    0.00    0.00          0    0.00    0.00
    MLJI      0    0.00    0.00    0.00          0    0.00    0.00    0.00          0    0.00    0.00          0    0.00    0.00
    MLJM      0    0.00    0.00    0.00          0    0.00    0.00    0.00          0    0.00    0.00          0    0.00    0.00
    NGJI      0    0.00    0.00    0.00          0    0.00    0.00    0.00          0    0.00    0.00          0    0.00    0.00
    NJBM      0    0.00    0.00    0.00          0    0.00    0.00    0.00          0    0.00    0.00          0    0.00    0.00
    NKBI      0    0.00    0.00    0.00          0    0.00    0.00    0.00          0    0.00    0.00          0    0.00    0.00
    PASJ      0    0.00    0.00    0.00          0    0.00    0.00    0.00          0    0.00    0.00          0    0.00    0.00
    PBJI      0    0.00    0.00    0.00          0    0.00    0.00    0.00          0    0.00    0.00          0    0.00    0.00
    PCJI      0    0.00    0.00    0.00          0    0.00    0.00    0.00          0    0.00    0.00          0    0.00    0.00
    PCJM      0    0.00    0.00    0.00          0    0.00    0.00    0.00          0    0.00    0.00          0    0.00    0.00
    PGJM      0    0.00    0.00    0.00          0    0.00    0.00    0.00          0    0.00    0.00          0    0.00    0.00
    PKJI      0    0.00    0.00    0.00          0    0.00    0.00    0.00          0    0.00    0.00          0    0.00    0.00
    PKJM      0    0.00    0.00    0.00          0    0.00    0.00    0.00          0    0.00    0.00          0    0.00    0.00
    PLJI      0    0.00    0.00    0.00          0    0.00    0.00    0.00          0    0.00    0.00          0    0.00    0.00
    POKJ      0    0.00    0.00    0.00          0    0.00    0.00    0.00          0    0.00    0.00          0    0.00    0.00
    PPLI      0    0.00    0.00    0.00          0    0.00    0.00    0.00          0    0.00    0.00          0    0.00    0.00
    PRJI      0    0.00    0.00    0.00          0    0.00    0.00    0.00          0    0.00    0.00          0    0.00    0.00
    PRLJ      0    0.00    0.00    0.00          0    0.00    0.00    0.00          0    0.00    0.00          0    0.00    0.00
    PSJM      0    0.00    0.00    0.00          0    0.00    0.00    0.00          0    0.00    0.00          0    0.00    0.00
    PSLI      0    0.00    0.00    0.00          0    0.00    0.00    0.00          0    0.00    0.00          0    0.00    0.00
    PTJI      0    0.00    0.00    0.00          0    0.00    0.00    0.00          0    0.00    0.00          0    0.00    0.00
    PWJI      0    0.00    0.00    0.00          0    0.00    0.00    0.00          0    0.00    0.00          0    0.00    0.00
    RBSI      0    0.00    0.00    0.00          0    0.00    0.00    0.00          0    0.00    0.00          0    0.00    0.00
    RITA      0    0.00    0.00    0.00          0    0.00    0.00    0.00          0    0.00    0.00          0    0.00    0.00
    RTBI      0    0.00    0.00    0.00          0    0.00    0.00    0.00          0    0.00    0.00          0    0.00    0.00
    SADL      0    0.00    0.00    0.00          0    0.00    0.00    0.00          0    0.00    0.00          0    0.00    0.00
    SAKJ      0    0.00    0.00    0.00          0    0.00    0.00    0.00          0    0.00    0.00          0    0.00    0.00
    SBBM      0    0.00    0.00    0.00          0    0.00    0.00    0.00          0    0.00    0.00          0    0.00    0.00
    SBJI      0    0.00    0.00    0.00          0    0.00    0.00    0.00          0    0.00    0.00          0    0.00    0.00
    SCJI      0    0.00    0.00    0.00          0    0.00    0.00    0.00          0    0.00    0.00          0    0.00    0.00
    SCJM      0    0.00    0.00    0.00          0    0.00    0.00    0.00          0    0.00    0.00          0    0.00    0.00
    SEJI      0    0.00    0.00    0.00          0    0.00    0.00    0.00          0    0.00    0.00          0    0.00    0.00
    SEJM      0    0.00    0.00    0.00          0    0.00    0.00    0.00          0    0.00    0.00          0    0.00    0.00
    SICJ      0    0.00    0.00    0.00          0    0.00    0.00    0.00          0    0.00    0.00          0    0.00    0.00
    SIJM      0    0.00    0.00    0.00          0    0.00    0.00    0.00          0    0.00    0.00          0    0.00    0.00
    SKJI      0    0.00    0.00    0.00          0    0.00    0.00    0.00          0    0.00    0.00          0    0.00    0.00
    SLBF      0    0.00    0.00    0.00          0    0.00    0.00    0.00          0    0.00    0.00          0    0.00    0.00
    SMRI      0    0.00    0.00    0.00          0    0.00    0.00    0.00          0    0.00    0.00          0    0.00    0.00
    SPSJ      0    0.00    0.00    0.00          0    0.00    0.00    0.00          0    0.00    0.00          0    0.00    0.00
    SRBI      0    0.00    0.00    0.00          0    0.00    0.00    0.00          0    0.00    0.00          0    0.00    0.00
    SSJM      0    0.00    0.00    0.00          0    0.00    0.00    0.00          0    0.00    0.00          0    0.00    0.00
    SUPJ      0    0.00    0.00    0.00          0    0.00    0.00    0.00          0    0.00    0.00          0    0.00    0.00
    SWJI      0    0.00    0.00    0.00          0    0.00    0.00    0.00          0    0.00    0.00          0    0.00    0.00
    SYJI      0    0.00    0.00    0.00          0    0.00    0.00    0.00          0    0.00    0.00          0    0.00    0.00
    TAGJ      0    0.00    0.00    0.00          0    0.00    0.00    0.00          0    0.00    0.00          0    0.00    0.00
    TBJI      0    0.00    0.00    0.00          0    0.00    0.00    0.00          0    0.00    0.00          0    0.00    0.00
    TEBB      0    0.00    0.00    0.00          0    0.00    0.00    0.00          0    0.00    0.00          0    0.00    0.00
    TNG       0    0.00    0.00    0.00          0    0.00    0.00    0.00          0    0.00    0.00          0    0.00    0.00
    TOJI      0    0.00    0.00    0.00          0    0.00    0.00    0.00          0    0.00    0.00          0    0.00    0.00
    TSJM      0    0.00    0.00    0.00          0    0.00    0.00    0.00          0    0.00    0.00          0    0.00    0.00
    TUJI      0    0.00    0.00    0.00          0    0.00    0.00    0.00          0    0.00    0.00          0    0.00    0.00
    UGM       0    0.00    0.00    0.00          0    0.00    0.00    0.00          0    0.00    0.00          0    0.00    0.00
    UWJI      0    0.00    0.00    0.00          0    0.00    0.00    0.00          0    0.00    0.00          0    0.00    0.00
    WGJM      0    0.00    0.00    0.00          0    0.00    0.00    0.00          0    0.00    0.00          0    0.00    0.00
    WLJI      0    0.00    0.00    0.00          0    0.00    0.00    0.00          0    0.00    0.00          0    0.00    0.00
    WOJI      0    0.00    0.00    0.00          0    0.00    0.00    0.00          0    0.00    0.00          0    0.00    0.00
    WRJI      0    0.00    0.00    0.00          0    0.00    0.00    0.00          0    0.00    0.00          0    0.00    0.00
    WSJM      0    0.00    0.00    0.00          0    0.00    0.00    0.00          0    0.00    0.00          0    0.00    0.00
    YOGI      0    0.00    0.00    0.00          0    0.00    0.00    0.00          0    0.00    0.00          0    0.00    0.00
